

0.000000000  Node Startup
0.000000000 INFO /simple_arm/spawner [spawner:122(main)] [topics: /rosout, /clock] Waiting for /clock to be available...
0.000000000 INFO /urdf_spawner [gazebo_interface.py:27(spawn_urdf_model_client)] [topics: /rosout, /clock] Waiting for service /gazebo/spawn_urdf_model
0.000000000 INFO /urdf_spawner [gazebo_interface.py:31(spawn_urdf_model_client)] [topics: /rosout, /clock] Calling service /gazebo/spawn_urdf_model
0.000000000 INFO /gazebo [/tmp/binarydeb/ros-noetic-roscpp-1.16.0/src/libros/service.cpp:123(service::waitForService)] [topics: /rosout, /clock, /gazebo/link_states, /gazebo/model_states, /gazebo/performance_metrics] waitForService: Service [/gazebo/set_physics_properties] is now available.
261.179000000 INFO /urdf_spawner [gazebo_interface.py:33(spawn_urdf_model_client)] [topics: /rosout, /clock] Spawn status: SpawnModel: Entity pushed to spawn queue, but spawn service timed out waiting for entity to appear in simulation under the name simple_arm
261.179000000 ERROR /urdf_spawner [spawn_model:191(SpawnModelNode.run)] [topics: /rosout, /clock] Spawn service failed. Exiting.
261.179000000 INFO /gazebo [/tmp/binarydeb/ros-noetic-gazebo-ros-2.9.2/src/gazebo_ros_api_plugin.cpp:2379(GazeboRosApiPlugin::physicsReconfigureThread)] [topics: /rosout, /clock, /gazebo/link_states, /gazebo/model_states, /gazebo/performance_metrics, /gazebo/parameter_descriptions, /gazebo/parameter_updates] Physics dynamic reconfigure ready.
261.179000000 INFO /gazebo [/tmp/binarydeb/ros-noetic-gazebo-plugins-2.9.2/include/gazebo_plugins/gazebo_ros_utils.h:99(string gazebo::GetRobotNamespace)] [topics: /rosout, /clock, /gazebo/link_states, /gazebo/model_states, /gazebo/performance_metrics, /gazebo/parameter_descriptions, /gazebo/parameter_updates] Camera Plugin: Using the 'robotNamespace' param: '/'
261.179000000 INFO /gazebo [/tmp/binarydeb/ros-noetic-gazebo-plugins-2.9.2/src/gazebo_ros_camera_utils.cpp:300(GazeboRosCameraUtils::LoadThread)] [topics: /rosout, /clock, /gazebo/link_states, /gazebo/model_states, /gazebo/performance_metrics, /gazebo/parameter_descriptions, /gazebo/parameter_updates] Camera Plugin (ns = /)  <tf_prefix_>, set to ""
261.395000000 INFO /simple_arm/spawner [spawner:124(main)] [topics: /rosout, /clock] /clock is published. Proceeding to load the controller(s).
261.395000000 INFO /simple_arm/spawner [spawner:128(main)] [topics: /rosout, /clock] Controller Spawner: Waiting for service controller_manager/load_controller
277.804000000 WARN /simple_arm/spawner [spawner:145(main)] [topics: /rosout, /clock] Controller Spawner couldn't find the expected controller_manager ROS interface.
321.780000000 INFO /arm_mover [/home/workspace/cartking_ws/src/simple_arm/src/arm_mover.cpp:49(GoToPosition::Request&, simple_arm::GoToPosition::Response&))] [topics: /rosout, /simple_arm/joint_1_position_controller/command, /simple_arm/joint_2_position_controller/command] GoToPositionRequest received - j1:1.57, j2:1.57
321.789000000 WARN /arm_mover [/home/workspace/cartking_ws/src/simple_arm/src/arm_mover.cpp:35(vector<float> clamp_at_boundaries)] [topics: /rosout, /simple_arm/joint_1_position_controller/command, /simple_arm/joint_2_position_controller/command] j2 is out of bounds, valid range (0.00,1.00), clamping to: 1.00
324.814000000 INFO /arm_mover [/home/workspace/cartking_ws/src/simple_arm/src/arm_mover.cpp:68(GoToPosition::Request&, simple_arm::GoToPosition::Response&))] [topics: /rosout, /simple_arm/joint_1_position_controller/command, /simple_arm/joint_2_position_controller/command] Joint angles set - j1: 1.570000 , j2: 1.000000
345.052000000 INFO /arm_mover [/home/workspace/cartking_ws/src/simple_arm/src/arm_mover.cpp:49(GoToPosition::Request&, simple_arm::GoToPosition::Response&))] [topics: /rosout, /simple_arm/joint_1_position_controller/command, /simple_arm/joint_2_position_controller/command] GoToPositionRequest received - j1:1.57, j2:1.57
348.068000000 INFO /arm_mover [/home/workspace/cartking_ws/src/simple_arm/src/arm_mover.cpp:68(GoToPosition::Request&, simple_arm::GoToPosition::Response&))] [topics: /rosout, /simple_arm/joint_1_position_controller/command, /simple_arm/joint_2_position_controller/command] Joint angles set - j1: 1.570000 , j2: 1.570000
898.872000000 INFO /arm_mover [/home/workspace/cartking_ws/src/simple_arm/src/arm_mover.cpp:49(GoToPosition::Request&, simple_arm::GoToPosition::Response&))] [topics: /rosout, /simple_arm/joint_1_position_controller/command, /simple_arm/joint_2_position_controller/command] GoToPositionRequest received - j1:0.00, j2:0.00
901.877000000 INFO /arm_mover [/home/workspace/cartking_ws/src/simple_arm/src/arm_mover.cpp:68(GoToPosition::Request&, simple_arm::GoToPosition::Response&))] [topics: /rosout, /simple_arm/joint_1_position_controller/command, /simple_arm/joint_2_position_controller/command] Joint angles set - j1: 0.000000 , j2: 0.000000
