[    15.026] (--) Log file renamed from "/home/humaid7madi/.local/share/xorg/Xorg.pid-1069.log" to "/home/humaid7madi/.local/share/xorg/Xorg.0.log"
[    15.036] 
X.Org X Server 1.20.13
X Protocol Version 11, Revision 0
[    15.036] Build Operating System: linux Ubuntu
[    15.036] Current Operating System: Linux humaid7madi-VirtualBox 5.15.0-75-generic #82~20.04.1-Ubuntu SMP Wed Jun 7 19:37:37 UTC 2023 x86_64
[    15.036] Kernel command line: BOOT_IMAGE=/boot/vmlinuz-5.15.0-75-generic root=UUID=27b9f1a9-667a-41d7-bd12-1d19d113b4b9 ro quiet splash
[    15.036] Build Date: 29 March 2023  12:53:02PM
[    15.036] xorg-server 2:1.20.13-1ubuntu1~20.04.8 (For technical support please see http://www.ubuntu.com/support) 
[    15.036] Current version of pixman: 0.38.4
[    15.036] 	Before reporting problems, check http://wiki.x.org
	to make sure that you have the latest version.
[    15.036] Markers: (--) probed, (**) from config file, (==) default setting,
	(++) from command line, (!!) notice, (II) informational,
	(WW) warning, (EE) error, (NI) not implemented, (??) unknown.
[    15.036] (==) Log file: "/home/humaid7madi/.local/share/xorg/Xorg.0.log", Time: Thu Jun 22 19:21:16 2023
[    15.054] (==) Using system config directory "/usr/share/X11/xorg.conf.d"
[    15.069] (==) No Layout section.  Using the first Screen section.
[    15.069] (==) No screen section available. Using defaults.
[    15.069] (**) |-->Screen "Default Screen Section" (0)
[    15.069] (**) |   |-->Monitor "<default monitor>"
[    15.074] (==) No monitor specified for screen "Default Screen Section".
	Using a default monitor configuration.
[    15.074] (==) Automatically adding devices
[    15.074] (==) Automatically enabling devices
[    15.074] (==) Automatically adding GPU devices
[    15.074] (==) Automatically binding GPU devices
[    15.074] (==) Max clients allowed: 256, resource mask: 0x1fffff
[    15.109] (WW) The directory "/usr/share/fonts/X11/cyrillic" does not exist.
[    15.109] 	Entry deleted from font path.
[    15.109] (WW) The directory "/usr/share/fonts/X11/100dpi/" does not exist.
[    15.109] 	Entry deleted from font path.
[    15.109] (WW) The directory "/usr/share/fonts/X11/75dpi/" does not exist.
[    15.109] 	Entry deleted from font path.
[    15.122] (WW) The directory "/usr/share/fonts/X11/100dpi" does not exist.
[    15.122] 	Entry deleted from font path.
[    15.122] (WW) The directory "/usr/share/fonts/X11/75dpi" does not exist.
[    15.122] 	Entry deleted from font path.
[    15.122] (==) FontPath set to:
	/usr/share/fonts/X11/misc,
	/usr/share/fonts/X11/Type1,
	built-ins
[    15.122] (==) ModulePath set to "/usr/lib/xorg/modules"
[    15.122] (II) The server relies on udev to provide the list of input devices.
	If no devices become available, reconfigure udev or disable AutoAddDevices.
[    15.122] (II) Loader magic: 0x55aae903b020
[    15.122] (II) Module ABI versions:
[    15.123] 	X.Org ANSI C Emulation: 0.4
[    15.123] 	X.Org Video Driver: 24.1
[    15.123] 	X.Org XInput driver : 24.1
[    15.123] 	X.Org Server Extension : 10.0
[    15.134] (++) using VT number 2

[    15.170] (II) systemd-logind: took control of session /org/freedesktop/login1/session/_31
[    15.171] (II) xfree86: Adding drm device (/dev/dri/card0)
[    15.182] (II) systemd-logind: got fd for /dev/dri/card0 226:0 fd 12 paused 0
[    15.194] (--) PCI:*(0@0:2:0) 15ad:0405:15ad:0405 rev 0, Mem @ 0xe0000000/134217728, 0xf0000000/2097152, I/O @ 0x0000d010/16, BIOS @ 0x????????/131072
[    15.194] (II) LoadModule: "glx"
[    15.196] (II) Loading /usr/lib/xorg/modules/extensions/libglx.so
[    15.267] (II) Module glx: vendor="X.Org Foundation"
[    15.267] 	compiled for 1.20.13, module version = 1.0.0
[    15.267] 	ABI class: X.Org Server Extension, version 10.0
[    15.267] (==) Matched vmware as autoconfigured driver 0
[    15.267] (==) Matched modesetting as autoconfigured driver 1
[    15.267] (==) Matched fbdev as autoconfigured driver 2
[    15.267] (==) Matched vesa as autoconfigured driver 3
[    15.267] (==) Assigned the driver to the xf86ConfigLayout
[    15.267] (II) LoadModule: "vmware"
[    15.271] (II) Loading /usr/lib/xorg/modules/drivers/vmware_drv.so
[    16.998] (II) Module vmware: vendor="X.Org Foundation"
[    17.005] 	compiled for 1.20.8, module version = 13.3.0
[    17.005] 	Module class: X.Org Video Driver
[    17.005] 	ABI class: X.Org Video Driver, version 24.1
[    17.005] (II) LoadModule: "modesetting"
[    17.005] (II) Loading /usr/lib/xorg/modules/drivers/modesetting_drv.so
[    17.074] (II) Module modesetting: vendor="X.Org Foundation"
[    17.074] 	compiled for 1.20.13, module version = 1.20.13
[    17.074] 	Module class: X.Org Video Driver
[    17.074] 	ABI class: X.Org Video Driver, version 24.1
[    17.074] (II) LoadModule: "fbdev"
[    17.074] (II) Loading /usr/lib/xorg/modules/drivers/fbdev_drv.so
[    17.102] (II) Module fbdev: vendor="X.Org Foundation"
[    17.102] 	compiled for 1.20.1, module version = 0.5.0
[    17.102] 	Module class: X.Org Video Driver
[    17.102] 	ABI class: X.Org Video Driver, version 24.0
[    17.102] (II) LoadModule: "vesa"
[    17.102] (II) Loading /usr/lib/xorg/modules/drivers/vesa_drv.so
[    17.119] (II) Module vesa: vendor="X.Org Foundation"
[    17.119] 	compiled for 1.20.4, module version = 2.4.0
[    17.119] 	Module class: X.Org Video Driver
[    17.119] 	ABI class: X.Org Video Driver, version 24.0
[    17.120] (II) vmware: driver for VMware SVGA: vmware0405, vmware0710
[    17.120] (II) modesetting: Driver for Modesetting Kernel Drivers: kms
[    17.120] (II) FBDEV: driver for framebuffer: fbdev
[    17.120] (II) VESA: driver for VESA chipsets: vesa
[    17.120] xf86EnableIOPorts: failed to set IOPL for I/O (Operation not permitted)
[    17.120] (WW) Falling back to old probe method for modesetting
[    17.120] (WW) Falling back to old probe method for fbdev
[    17.120] (II) Loading sub module "fbdevhw"
[    17.120] (II) LoadModule: "fbdevhw"
[    17.120] (II) Loading /usr/lib/xorg/modules/libfbdevhw.so
[    17.167] (II) Module fbdevhw: vendor="X.Org Foundation"
[    17.167] 	compiled for 1.20.13, module version = 0.0.2
[    17.167] 	ABI class: X.Org Video Driver, version 24.1
[    17.169] (EE) open /dev/fb0: Permission denied
[    17.169] (WW) VGA arbiter: cannot open kernel arbiter, no multi-card support
[    17.169] (II) vmware(0): Creating default Display subsection in Screen section
	"Default Screen Section" for depth/fbbpp 24/32
[    17.169] (--) vmware(0): DRM driver version is 2.19.0
[    17.170] (==) vmware(0): Depth 24, (--) framebuffer bpp 32
[    17.170] (==) vmware(0): RGB weight 888
[    17.170] (==) vmware(0): Default visual is TrueColor
[    17.170] (--) vmware(0): Min width 1, Max Width 8192.
[    17.170] (--) vmware(0): Min height 1, Max Height 8192.
[    17.170] (II) vmware(0): Output Virtual1 has no monitor section
[    17.170] (II) vmware(0): Output Virtual2 has no monitor section
[    17.171] (II) vmware(0): Output Virtual3 has no monitor section
[    17.171] (II) vmware(0): Output Virtual4 has no monitor section
[    17.171] (II) vmware(0): Output Virtual5 has no monitor section
[    17.171] (II) vmware(0): Output Virtual6 has no monitor section
[    17.171] (II) vmware(0): Output Virtual7 has no monitor section
[    17.171] (II) vmware(0): Output Virtual8 has no monitor section
[    17.171] (II) vmware(0): Printing probed modes for output Virtual1
[    17.171] (II) vmware(0): Modeline "2880x1578"x60.0  314.15  2880 2930 2980 3030  1578 1628 1678 1728 -hsync +vsync (103.7 kHz eP)
[    17.171] (II) vmware(0): Modeline "3840x2400"x60.0  592.25  3840 3888 3920 4000  2400 2403 2409 2469 +hsync -vsync (148.1 kHz e)
[    17.171] (II) vmware(0): Modeline "3840x2160"x60.0  533.00  3840 3888 3920 4000  2160 2163 2168 2222 +hsync -vsync (133.2 kHz e)
[    17.171] (II) vmware(0): Modeline "2880x1800"x59.9  337.50  2880 2928 2960 3040  1800 1803 1809 1852 +hsync -vsync (111.0 kHz e)
[    17.171] (II) vmware(0): Modeline "2560x1600"x60.0  348.50  2560 2752 3032 3504  1600 1603 1609 1658 -hsync +vsync (99.5 kHz e)
[    17.171] (II) vmware(0): Modeline "2560x1440"x60.0  241.50  2560 2608 2640 2720  1440 1443 1448 1481 +hsync -vsync (88.8 kHz e)
[    17.171] (II) vmware(0): Modeline "1920x1440"x60.0  234.00  1920 2048 2256 2600  1440 1441 1444 1500 -hsync +vsync (90.0 kHz e)
[    17.171] (II) vmware(0): Modeline "1856x1392"x60.0  218.25  1856 1952 2176 2528  1392 1393 1396 1439 -hsync +vsync (86.3 kHz e)
[    17.171] (II) vmware(0): Modeline "1792x1344"x60.0  204.75  1792 1920 2120 2448  1344 1345 1348 1394 -hsync +vsync (83.6 kHz e)
[    17.171] (II) vmware(0): Modeline "1920x1200"x59.9  193.25  1920 2056 2256 2592  1200 1203 1209 1245 -hsync +vsync (74.6 kHz e)
[    17.171] (II) vmware(0): Modeline "1920x1080"x60.0  173.00  1920 2048 2248 2576  1080 1083 1088 1120 -hsync +vsync (67.2 kHz e)
[    17.171] (II) vmware(0): Modeline "1600x1200"x60.0  162.00  1600 1664 1856 2160  1200 1201 1204 1250 +hsync +vsync (75.0 kHz e)
[    17.171] (II) vmware(0): Modeline "1680x1050"x60.0  146.25  1680 1784 1960 2240  1050 1053 1059 1089 -hsync +vsync (65.3 kHz e)
[    17.180] (II) vmware(0): Modeline "1400x1050"x60.0  121.75  1400 1488 1632 1864  1050 1053 1057 1089 -hsync +vsync (65.3 kHz e)
[    17.180] (II) vmware(0): Modeline "1280x1024"x60.0  108.00  1280 1328 1440 1688  1024 1025 1028 1066 +hsync +vsync (64.0 kHz e)
[    17.180] (II) vmware(0): Modeline "1440x900"x59.9  106.50  1440 1520 1672 1904  900 903 909 934 -hsync +vsync (55.9 kHz e)
[    17.180] (II) vmware(0): Modeline "1280x960"x60.0  108.00  1280 1376 1488 1800  960 961 964 1000 +hsync +vsync (60.0 kHz e)
[    17.180] (II) vmware(0): Modeline "1360x768"x60.0   85.50  1360 1424 1536 1792  768 771 777 795 +hsync +vsync (47.7 kHz e)
[    17.180] (II) vmware(0): Modeline "1280x800"x59.8   83.50  1280 1352 1480 1680  800 803 809 831 +hsync -vsync (49.7 kHz e)
[    17.180] (II) vmware(0): Modeline "1152x864"x75.0  108.00  1152 1216 1344 1600  864 865 868 900 +hsync +vsync (67.5 kHz e)
[    17.180] (II) vmware(0): Modeline "1280x768"x59.9   79.50  1280 1344 1472 1664  768 771 778 798 -hsync +vsync (47.8 kHz e)
[    17.180] (II) vmware(0): Modeline "1280x720"x59.9   74.50  1280 1344 1472 1664  720 723 728 748 -hsync +vsync (44.8 kHz e)
[    17.180] (II) vmware(0): Modeline "1024x768"x60.0   65.00  1024 1048 1184 1344  768 771 777 806 -hsync -vsync (48.4 kHz e)
[    17.180] (II) vmware(0): Modeline "800x600"x60.3   40.00  800 840 968 1056  600 601 605 628 +hsync +vsync (37.9 kHz e)
[    17.180] (II) vmware(0): Modeline "640x480"x59.9   25.18  640 656 752 800  480 489 492 525 -hsync -vsync (31.5 kHz e)
[    17.180] (II) vmware(0): EDID for output Virtual2
[    17.180] (II) vmware(0): EDID for output Virtual3
[    17.180] (II) vmware(0): EDID for output Virtual4
[    17.180] (II) vmware(0): EDID for output Virtual5
[    17.180] (II) vmware(0): EDID for output Virtual6
[    17.180] (II) vmware(0): EDID for output Virtual7
[    17.180] (II) vmware(0): EDID for output Virtual8
[    17.180] (II) vmware(0): Output Virtual1 connected
[    17.180] (II) vmware(0): Output Virtual2 disconnected
[    17.180] (II) vmware(0): Output Virtual3 disconnected
[    17.180] (II) vmware(0): Output Virtual4 disconnected
[    17.180] (II) vmware(0): Output Virtual5 disconnected
[    17.180] (II) vmware(0): Output Virtual6 disconnected
[    17.180] (II) vmware(0): Output Virtual7 disconnected
[    17.181] (II) vmware(0): Output Virtual8 disconnected
[    17.181] (II) vmware(0): Using exact sizes for initial modes
[    17.181] (II) vmware(0): Output Virtual1 using initial mode 2880x1578 +0+0
[    17.181] (==) vmware(0): DPI set to (96, 96)
[    17.181] (==) vmware(0): Using gamma correction (1.0, 1.0, 1.0)
[    17.181] (II) Loading sub module "fb"
[    17.181] (II) LoadModule: "fb"
[    17.181] (II) Loading /usr/lib/xorg/modules/libfb.so
[    17.223] (II) Module fb: vendor="X.Org Foundation"
[    17.223] 	compiled for 1.20.13, module version = 1.0.0
[    17.223] 	ABI class: X.Org ANSI C Emulation, version 0.4
[    17.223] (II) Loading sub module "dri2"
[    17.223] (II) LoadModule: "dri2"
[    17.223] (II) Module "dri2" already built-in
[    17.223] (II) Loading sub module "dri3"
[    17.223] (II) LoadModule: "dri3"
[    17.223] (II) Module "dri3" already built-in
[    17.223] (II) UnloadModule: "modesetting"
[    17.223] (II) Unloading modesetting
[    17.223] (II) UnloadModule: "fbdev"
[    17.224] (II) Unloading fbdev
[    17.224] (II) UnloadSubModule: "fbdevhw"
[    17.224] (II) Unloading fbdevhw
[    17.224] (II) UnloadModule: "vesa"
[    17.224] (II) Unloading vesa
[    17.277] (II) vmware(0): Initialized VMWARE_CTRL extension version 0.2
[    17.433] (WW) vmware(0): Failed to initialize Gallium3D Xa. No render acceleration available.
[    17.433] (WW) vmware(0): Skipped initialization of direct rendering due to lack of render acceleration.
[    17.433] (--) vmware(0): Render acceleration is disabled.
[    17.433] (==) vmware(0): Rendercheck mode is disabled.
[    17.433] (--) vmware(0): Direct rendering (DRI2 3D) is disabled.
[    17.433] (--) vmware(0): Direct rendering (DRI3 3D) is disabled.
[    17.433] (==) vmware(0): Backing store enabled
[    17.433] (==) vmware(0): Silken mouse enabled
[    17.448] (==) vmware(0): DPMS enabled
[    17.448] (II) vmware(0): No 3D acceleration. Not setting up textured video.
[    17.449] (WW) vmware(0): Disabling Xv because no adaptors could be initialized.
[    17.449] (II) Initializing extension Generic Event Extension
[    17.449] (II) Initializing extension SHAPE
[    17.449] (II) Initializing extension MIT-SHM
[    17.449] (II) Initializing extension XInputExtension
[    17.470] (II) Initializing extension XTEST
[    17.471] (II) Initializing extension BIG-REQUESTS
[    17.473] (II) Initializing extension SYNC
[    17.474] (II) Initializing extension XKEYBOARD
[    17.474] (II) Initializing extension XC-MISC
[    17.474] (II) Initializing extension SECURITY
[    17.474] (II) Initializing extension XFIXES
[    17.474] (II) Initializing extension RENDER
[    17.474] (II) Initializing extension RANDR
[    17.474] (II) Initializing extension COMPOSITE
[    17.475] (II) Initializing extension DAMAGE
[    17.476] (II) Initializing extension MIT-SCREEN-SAVER
[    17.476] (II) Initializing extension DOUBLE-BUFFER
[    17.476] (II) Initializing extension RECORD
[    17.477] (II) Initializing extension DPMS
[    17.477] (II) Initializing extension Present
[    17.477] (II) Initializing extension DRI3
[    17.477] (II) Initializing extension X-Resource
[    17.477] (II) Initializing extension XVideo
[    17.477] (II) Initializing extension XVideo-MotionCompensation
[    17.477] (II) Initializing extension SELinux
[    17.477] (II) SELinux: Disabled on system
[    17.477] (II) Initializing extension GLX
[    17.478] (II) AIGLX: Screen 0 is not DRI2 capable
[    18.535] (II) IGLX: Loaded and initialized swrast
[    18.535] (II) GLX: Initialized DRISWRAST GL provider for screen 0
[    18.535] (II) Initializing extension XFree86-VidModeExtension
[    18.536] (II) Initializing extension XFree86-DGA
[    18.536] (II) Initializing extension XFree86-DRI
[    18.537] (II) Initializing extension DRI2
[    18.736] (II) vmware(0): Setting screen physical size to 762 x 417
[    19.428] (II) config/udev: Adding input device Power Button (/dev/input/event0)
[    19.428] (**) Power Button: Applying InputClass "libinput keyboard catchall"
[    19.428] (II) LoadModule: "libinput"
[    19.428] (II) Loading /usr/lib/xorg/modules/input/libinput_drv.so
[    19.454] (II) Module libinput: vendor="X.Org Foundation"
[    19.455] 	compiled for 1.20.4, module version = 0.29.0
[    19.455] 	Module class: X.Org XInput Driver
[    19.455] 	ABI class: X.Org XInput driver, version 24.1
[    19.455] (II) Using input driver 'libinput' for 'Power Button'
[    19.457] (II) systemd-logind: got fd for /dev/input/event0 13:64 fd 20 paused 0
[    19.457] (**) Power Button: always reports core events
[    19.457] (**) Option "Device" "/dev/input/event0"
[    19.457] (**) Option "_source" "server/udev"
[    19.612] (II) event0  - Power Button: is tagged by udev as: Keyboard
[    19.612] (II) event0  - Power Button: device is a keyboard
[    19.612] (II) event0  - Power Button: device removed
[    19.612] (**) Option "config_info" "udev:/sys/devices/LNXSYSTM:00/LNXPWRBN:00/input/input0/event0"
[    19.612] (II) XINPUT: Adding extended input device "Power Button" (type: KEYBOARD, id 6)
[    19.612] (**) Option "xkb_model" "pc105"
[    19.612] (**) Option "xkb_layout" "us"
[    19.613] (II) event0  - Power Button: is tagged by udev as: Keyboard
[    19.613] (II) event0  - Power Button: device is a keyboard
[    19.614] (II) config/udev: Adding input device Sleep Button (/dev/input/event1)
[    19.614] (**) Sleep Button: Applying InputClass "libinput keyboard catchall"
[    19.614] (II) Using input driver 'libinput' for 'Sleep Button'
[    19.642] (II) systemd-logind: got fd for /dev/input/event1 13:65 fd 23 paused 0
[    19.643] (**) Sleep Button: always reports core events
[    19.643] (**) Option "Device" "/dev/input/event1"
[    19.643] (**) Option "_source" "server/udev"
[    19.666] (II) event1  - Sleep Button: is tagged by udev as: Keyboard
[    19.666] (II) event1  - Sleep Button: device is a keyboard
[    19.666] (II) event1  - Sleep Button: device removed
[    19.666] (**) Option "config_info" "udev:/sys/devices/LNXSYSTM:00/LNXSLPBN:00/input/input1/event1"
[    19.666] (II) XINPUT: Adding extended input device "Sleep Button" (type: KEYBOARD, id 7)
[    19.666] (**) Option "xkb_model" "pc105"
[    19.666] (**) Option "xkb_layout" "us"
[    19.670] (II) event1  - Sleep Button: is tagged by udev as: Keyboard
[    19.670] (II) event1  - Sleep Button: device is a keyboard
[    19.671] (II) config/udev: Adding input device Video Bus (/dev/input/event3)
[    19.671] (**) Video Bus: Applying InputClass "libinput keyboard catchall"
[    19.671] (II) Using input driver 'libinput' for 'Video Bus'
[    19.702] (II) systemd-logind: got fd for /dev/input/event3 13:67 fd 24 paused 0
[    19.702] (**) Video Bus: always reports core events
[    19.702] (**) Option "Device" "/dev/input/event3"
[    19.702] (**) Option "_source" "server/udev"
[    19.712] (II) event3  - Video Bus: is tagged by udev as: Keyboard
[    19.712] (II) event3  - Video Bus: device is a keyboard
[    19.712] (II) event3  - Video Bus: device removed
[    19.712] (**) Option "config_info" "udev:/sys/devices/LNXSYSTM:00/LNXSYBUS:00/PNP0A03:00/LNXVIDEO:00/input/input4/event3"
[    19.712] (II) XINPUT: Adding extended input device "Video Bus" (type: KEYBOARD, id 8)
[    19.712] (**) Option "xkb_model" "pc105"
[    19.712] (**) Option "xkb_layout" "us"
[    19.714] (II) event3  - Video Bus: is tagged by udev as: Keyboard
[    19.714] (II) event3  - Video Bus: device is a keyboard
[    19.722] (II) config/udev: Adding input device VirtualBox mouse integration (/dev/input/event6)
[    19.722] (**) VirtualBox mouse integration: Applying InputClass "libinput pointer catchall"
[    19.722] (II) Using input driver 'libinput' for 'VirtualBox mouse integration'
[    19.732] (II) systemd-logind: got fd for /dev/input/event6 13:70 fd 25 paused 0
[    19.735] (**) VirtualBox mouse integration: always reports core events
[    19.735] (**) Option "Device" "/dev/input/event6"
[    19.735] (**) Option "_source" "server/udev"
[    19.737] (II) event6  - VirtualBox mouse integration: is tagged by udev as: Mouse
[    19.737] (II) event6  - VirtualBox mouse integration: device is a pointer
[    19.738] (II) event6  - VirtualBox mouse integration: device removed
[    19.748] (**) Option "config_info" "udev:/sys/devices/pci0000:00/0000:00:04.0/input/input7/event6"
[    19.748] (II) XINPUT: Adding extended input device "VirtualBox mouse integration" (type: MOUSE, id 9)
[    19.748] (**) Option "AccelerationScheme" "none"
[    19.748] (**) VirtualBox mouse integration: (accel) selected scheme none/0
[    19.748] (**) VirtualBox mouse integration: (accel) acceleration factor: 2.000
[    19.748] (**) VirtualBox mouse integration: (accel) acceleration threshold: 4
[    19.755] (II) event6  - VirtualBox mouse integration: is tagged by udev as: Mouse
[    19.755] (II) event6  - VirtualBox mouse integration: device is a pointer
[    19.755] (II) config/udev: Adding input device VirtualBox mouse integration (/dev/input/js1)
[    19.755] (II) No input driver specified, ignoring this device.
[    19.755] (II) This device may have been added with another device file.
[    19.756] (II) config/udev: Adding input device VirtualBox mouse integration (/dev/input/mouse2)
[    19.756] (II) No input driver specified, ignoring this device.
[    19.756] (II) This device may have been added with another device file.
[    19.756] (II) config/udev: Adding input device VirtualBox USB Tablet (/dev/input/event4)
[    19.756] (**) VirtualBox USB Tablet: Applying InputClass "libinput pointer catchall"
[    19.756] (II) Using input driver 'libinput' for 'VirtualBox USB Tablet'
[    19.834] (II) systemd-logind: got fd for /dev/input/event4 13:68 fd 26 paused 0
[    19.835] (**) VirtualBox USB Tablet: always reports core events
[    19.835] (**) Option "Device" "/dev/input/event4"
[    19.835] (**) Option "_source" "server/udev"
[    19.837] (II) event4  - VirtualBox USB Tablet: is tagged by udev as: Mouse
[    19.837] (II) event4  - VirtualBox USB Tablet: device is a pointer
[    19.838] (II) event4  - VirtualBox USB Tablet: device removed
[    19.839] (**) Option "config_info" "udev:/sys/devices/pci0000:00/0000:00:06.0/usb2/2-1/2-1:1.0/0003:80EE:0021.0001/input/input6/event4"
[    19.839] (II) XINPUT: Adding extended input device "VirtualBox USB Tablet" (type: MOUSE, id 10)
[    19.839] (**) Option "AccelerationScheme" "none"
[    19.839] (**) VirtualBox USB Tablet: (accel) selected scheme none/0
[    19.839] (**) VirtualBox USB Tablet: (accel) acceleration factor: 2.000
[    19.839] (**) VirtualBox USB Tablet: (accel) acceleration threshold: 4
[    19.843] (II) event4  - VirtualBox USB Tablet: is tagged by udev as: Mouse
[    19.843] (II) event4  - VirtualBox USB Tablet: device is a pointer
[    19.844] (II) config/udev: Adding input device VirtualBox USB Tablet (/dev/input/js0)
[    19.844] (II) No input driver specified, ignoring this device.
[    19.844] (II) This device may have been added with another device file.
[    19.844] (II) config/udev: Adding input device VirtualBox USB Tablet (/dev/input/mouse0)
[    19.844] (II) No input driver specified, ignoring this device.
[    19.845] (II) This device may have been added with another device file.
[    19.845] (II) config/udev: Adding input device AT Translated Set 2 keyboard (/dev/input/event2)
[    19.845] (**) AT Translated Set 2 keyboard: Applying InputClass "libinput keyboard catchall"
[    19.845] (II) Using input driver 'libinput' for 'AT Translated Set 2 keyboard'
[    19.849] (II) systemd-logind: got fd for /dev/input/event2 13:66 fd 27 paused 0
[    19.849] (**) AT Translated Set 2 keyboard: always reports core events
[    19.849] (**) Option "Device" "/dev/input/event2"
[    19.849] (**) Option "_source" "server/udev"
[    19.851] (II) event2  - AT Translated Set 2 keyboard: is tagged by udev as: Keyboard
[    19.851] (II) event2  - AT Translated Set 2 keyboard: device is a keyboard
[    19.853] (II) event2  - AT Translated Set 2 keyboard: device removed
[    19.853] (**) Option "config_info" "udev:/sys/devices/platform/i8042/serio0/input/input2/event2"
[    19.853] (II) XINPUT: Adding extended input device "AT Translated Set 2 keyboard" (type: KEYBOARD, id 11)
[    19.853] (**) Option "xkb_model" "pc105"
[    19.853] (**) Option "xkb_layout" "us"
[    19.861] (II) event2  - AT Translated Set 2 keyboard: is tagged by udev as: Keyboard
[    19.861] (II) event2  - AT Translated Set 2 keyboard: device is a keyboard
[    19.869] (II) config/udev: Adding input device ImExPS/2 Generic Explorer Mouse (/dev/input/event5)
[    19.869] (**) ImExPS/2 Generic Explorer Mouse: Applying InputClass "libinput pointer catchall"
[    19.869] (II) Using input driver 'libinput' for 'ImExPS/2 Generic Explorer Mouse'
[    19.880] (II) systemd-logind: got fd for /dev/input/event5 13:69 fd 28 paused 0
[    19.880] (**) ImExPS/2 Generic Explorer Mouse: always reports core events
[    19.880] (**) Option "Device" "/dev/input/event5"
[    19.880] (**) Option "_source" "server/udev"
[    19.884] (II) event5  - ImExPS/2 Generic Explorer Mouse: is tagged by udev as: Mouse
[    19.884] (II) event5  - ImExPS/2 Generic Explorer Mouse: device is a pointer
[    19.884] (II) event5  - ImExPS/2 Generic Explorer Mouse: device removed
[    19.885] (**) Option "config_info" "udev:/sys/devices/platform/i8042/serio1/input/input5/event5"
[    19.885] (II) XINPUT: Adding extended input device "ImExPS/2 Generic Explorer Mouse" (type: MOUSE, id 12)
[    19.885] (**) Option "AccelerationScheme" "none"
[    19.885] (**) ImExPS/2 Generic Explorer Mouse: (accel) selected scheme none/0
[    19.885] (**) ImExPS/2 Generic Explorer Mouse: (accel) acceleration factor: 2.000
[    19.885] (**) ImExPS/2 Generic Explorer Mouse: (accel) acceleration threshold: 4
[    19.886] (II) event5  - ImExPS/2 Generic Explorer Mouse: is tagged by udev as: Mouse
[    19.886] (II) event5  - ImExPS/2 Generic Explorer Mouse: device is a pointer
[    19.887] (II) config/udev: Adding input device ImExPS/2 Generic Explorer Mouse (/dev/input/mouse1)
[    19.887] (II) No input driver specified, ignoring this device.
[    19.887] (II) This device may have been added with another device file.
