

0.000000000  Node Startup
0.000000000 INFO /simple_arm/spawner [spawner:122(main)] [topics: /clock, /rosout] Waiting for /clock to be available...
0.000000000 INFO /urdf_spawner [gazebo_interface.py:27(spawn_urdf_model_client)] [topics: /clock, /rosout] Waiting for service /gazebo/spawn_urdf_model
0.000000000 INFO /gazebo [/tmp/binarydeb/ros-noetic-roscpp-1.16.0/src/libros/service.cpp:123(service::waitForService)] [topics: /rosout, /clock, /gazebo/link_states, /gazebo/model_states, /gazebo/performance_metrics] waitForService: Service [/gazebo/set_physics_properties] is now available.
0.000000000 INFO /gazebo [/tmp/binarydeb/ros-noetic-gazebo-ros-2.9.2/src/gazebo_ros_api_plugin.cpp:2379(GazeboRosApiPlugin::physicsReconfigureThread)] [topics: /rosout, /clock, /gazebo/link_states, /gazebo/model_states, /gazebo/performance_metrics, /gazebo/parameter_descriptions, /gazebo/parameter_updates] Physics dynamic reconfigure ready.
0.000000000 INFO /urdf_spawner [gazebo_interface.py:31(spawn_urdf_model_client)] [topics: /clock, /rosout] Calling service /gazebo/spawn_urdf_model
261.257000000 INFO /urdf_spawner [gazebo_interface.py:33(spawn_urdf_model_client)] [topics: /clock, /rosout] Spawn status: SpawnModel: Successfully spawned entity
261.257000000 INFO /gazebo [/tmp/binarydeb/ros-noetic-gazebo-plugins-2.9.2/include/gazebo_plugins/gazebo_ros_utils.h:99(string gazebo::GetRobotNamespace)] [topics: /rosout, /clock, /gazebo/link_states, /gazebo/model_states, /gazebo/performance_metrics, /gazebo/parameter_descriptions, /gazebo/parameter_updates] Camera Plugin: Using the 'robotNamespace' param: '/'
261.257000000 INFO /gazebo [/tmp/binarydeb/ros-noetic-gazebo-plugins-2.9.2/src/gazebo_ros_camera_utils.cpp:300(GazeboRosCameraUtils::LoadThread)] [topics: /rosout, /clock, /gazebo/link_states, /gazebo/model_states, /gazebo/performance_metrics, /gazebo/parameter_descriptions, /gazebo/parameter_updates] Camera Plugin (ns = /)  <tf_prefix_>, set to ""
261.379000000 INFO /simple_arm/spawner [spawner:124(main)] [topics: /clock, /rosout] /clock is published. Proceeding to load the controller(s).
261.379000000 INFO /simple_arm/spawner [spawner:128(main)] [topics: /clock, /rosout] Controller Spawner: Waiting for service controller_manager/load_controller
282.232000000 WARN /simple_arm/spawner [spawner:145(main)] [topics: /clock, /rosout] Controller Spawner couldn't find the expected controller_manager ROS interface.
601.742000000 INFO /arm_mover [/home/workspace/cartking_ws/src/simple_arm/src/arm_mover.cpp:49(GoToPosition::Request&, simple_arm::GoToPosition::Response&))] [topics: /rosout, /simple_arm/joint_1_position_controller/command, /simple_arm/joint_2_position_controller/command] GoToPositionRequest received - j1:1.57, j2:1.57
601.742000000 WARN /arm_mover [/home/workspace/cartking_ws/src/simple_arm/src/arm_mover.cpp:35(vector<float> clamp_at_boundaries)] [topics: /rosout, /simple_arm/joint_1_position_controller/command, /simple_arm/joint_2_position_controller/command] j2 is out of bounds, valid range (0.00,1.00), clamping to: 1.00
604.763000000 INFO /arm_mover [/home/workspace/cartking_ws/src/simple_arm/src/arm_mover.cpp:68(GoToPosition::Request&, simple_arm::GoToPosition::Response&))] [topics: /rosout, /simple_arm/joint_1_position_controller/command, /simple_arm/joint_2_position_controller/command] Joint angles set - j1: 1.570000 , j2: 1.000000
629.322000000 INFO /arm_mover [/home/workspace/cartking_ws/src/simple_arm/src/arm_mover.cpp:49(GoToPosition::Request&, simple_arm::GoToPosition::Response&))] [topics: /rosout, /simple_arm/joint_1_position_controller/command, /simple_arm/joint_2_position_controller/command] GoToPositionRequest received - j1:1.57, j2:1.57
632.323000000 INFO /arm_mover [/home/workspace/cartking_ws/src/simple_arm/src/arm_mover.cpp:68(GoToPosition::Request&, simple_arm::GoToPosition::Response&))] [topics: /rosout, /simple_arm/joint_1_position_controller/command, /simple_arm/joint_2_position_controller/command] Joint angles set - j1: 1.570000 , j2: 1.570000
710.948000000 INFO /arm_mover [/home/workspace/cartking_ws/src/simple_arm/src/arm_mover.cpp:49(GoToPosition::Request&, simple_arm::GoToPosition::Response&))] [topics: /rosout, /simple_arm/joint_1_position_controller/command, /simple_arm/joint_2_position_controller/command] GoToPositionRequest received - j1:1.57, j2:1.57
713.948000000 INFO /arm_mover [/home/workspace/cartking_ws/src/simple_arm/src/arm_mover.cpp:68(GoToPosition::Request&, simple_arm::GoToPosition::Response&))] [topics: /rosout, /simple_arm/joint_1_position_controller/command, /simple_arm/joint_2_position_controller/command] Joint angles set - j1: 1.570000 , j2: 1.570000
728.944000000 INFO /arm_mover [/home/workspace/cartking_ws/src/simple_arm/src/arm_mover.cpp:49(GoToPosition::Request&, simple_arm::GoToPosition::Response&))] [topics: /rosout, /simple_arm/joint_1_position_controller/command, /simple_arm/joint_2_position_controller/command] GoToPositionRequest received - j1:1.57, j2:1.57
731.948000000 INFO /arm_mover [/home/workspace/cartking_ws/src/simple_arm/src/arm_mover.cpp:68(GoToPosition::Request&, simple_arm::GoToPosition::Response&))] [topics: /rosout, /simple_arm/joint_1_position_controller/command, /simple_arm/joint_2_position_controller/command] Joint angles set - j1: 1.570000 , j2: 1.570000
857.170000000 INFO /arm_mover [/home/workspace/cartking_ws/src/simple_arm/src/arm_mover.cpp:49(GoToPosition::Request&, simple_arm::GoToPosition::Response&))] [topics: /rosout, /simple_arm/joint_1_position_controller/command, /simple_arm/joint_2_position_controller/command] GoToPositionRequest received - j1:1.57, j2:1.57
860.172000000 INFO /arm_mover [/home/workspace/cartking_ws/src/simple_arm/src/arm_mover.cpp:68(GoToPosition::Request&, simple_arm::GoToPosition::Response&))] [topics: /rosout, /simple_arm/joint_1_position_controller/command, /simple_arm/joint_2_position_controller/command] Joint angles set - j1: 1.570000 , j2: 1.570000
