[rospy.client][INFO] 2023-06-19 19:22:56,065: init_node, name[/simple_arm/spawner], pid[82906]
[xmlrpc][INFO] 2023-06-19 19:22:56,065: XML-RPC server binding to 0.0.0.0:0
[xmlrpc][INFO] 2023-06-19 19:22:56,065: Started XML-RPC server [http://humaid7madi-VirtualBox:45681/]
[rospy.impl.masterslave][INFO] 2023-06-19 19:22:56,066: _ready: http://humaid7madi-VirtualBox:45681/
[rospy.init][INFO] 2023-06-19 19:22:56,066: ROS Slave URI: [http://humaid7madi-VirtualBox:45681/]
[rospy.registration][INFO] 2023-06-19 19:22:56,070: Registering with master node http://localhost:11311
[xmlrpc][INFO] 2023-06-19 19:22:56,070: xml rpc node: starting XML-RPC server
[rospy.init][INFO] 2023-06-19 19:22:56,167: registered with master
[rospy.rosout][INFO] 2023-06-19 19:22:56,167: initializing /rosout core topic
[rospy.rosout][INFO] 2023-06-19 19:22:56,174: connected to core topic /rosout
[rospy.simtime][INFO] 2023-06-19 19:22:56,175: initializing /clock core topic
[rospy.simtime][INFO] 2023-06-19 19:22:56,178: connected to core topic /clock
[rosout][INFO] 2023-06-19 19:22:56,182: Waiting for /clock to be available...
[rospy.internal][INFO] 2023-06-19 19:22:56,322: topic[/rosout] adding connection to [/rosout], count 0
[rospy.internal][INFO] 2023-06-19 19:22:57,141: topic[/clock] adding connection to [http://humaid7madi-VirtualBox:42027/], count 0
[rosout][INFO] 2023-06-19 19:22:59,002: /clock is published. Proceeding to load the controller(s).
[rosout][INFO] 2023-06-19 19:22:59,003: Controller Spawner: Waiting for service controller_manager/load_controller
[rosout][WARNING] 2023-06-19 19:23:29,223: Controller Spawner couldn't find the expected controller_manager ROS interface.
[rospy.core][INFO] 2023-06-19 19:23:29,228: signal_shutdown [atexit]
[rospy.internal][INFO] 2023-06-19 19:23:29,238: topic[/rosout] removing connection to /rosout
[rospy.internal][INFO] 2023-06-19 19:23:29,239: topic[/clock] removing connection to http://humaid7madi-VirtualBox:42027/
[rospy.impl.masterslave][INFO] 2023-06-19 19:23:29,239: atexit
