[rospy.client][INFO] 2023-06-19 19:22:56,200: init_node, name[/urdf_spawner], pid[82916]
[xmlrpc][INFO] 2023-06-19 19:22:56,201: XML-RPC server binding to 0.0.0.0:0
[xmlrpc][INFO] 2023-06-19 19:22:56,201: Started XML-RPC server [http://humaid7madi-VirtualBox:37893/]
[rospy.impl.masterslave][INFO] 2023-06-19 19:22:56,202: _ready: http://humaid7madi-VirtualBox:37893/
[rospy.init][INFO] 2023-06-19 19:22:56,202: ROS Slave URI: [http://humaid7madi-VirtualBox:37893/]
[rospy.registration][INFO] 2023-06-19 19:22:56,204: Registering with master node http://localhost:11311
[xmlrpc][INFO] 2023-06-19 19:22:56,204: xml rpc node: starting XML-RPC server
[rospy.init][INFO] 2023-06-19 19:22:56,304: registered with master
[rospy.rosout][INFO] 2023-06-19 19:22:56,304: initializing /rosout core topic
[rospy.rosout][INFO] 2023-06-19 19:22:56,318: connected to core topic /rosout
[rospy.simtime][INFO] 2023-06-19 19:22:56,322: initializing /clock core topic
[rospy.simtime][INFO] 2023-06-19 19:22:56,325: connected to core topic /clock
[rosout][INFO] 2023-06-19 19:22:56,328: Loading model XML from ros parameter robot_description
[rosout][INFO] 2023-06-19 19:22:56,331: Waiting for service /gazebo/spawn_urdf_model
[rospy.internal][INFO] 2023-06-19 19:22:56,526: topic[/rosout] adding connection to [/rosout], count 0
[rospy.internal][INFO] 2023-06-19 19:22:57,153: topic[/clock] adding connection to [http://humaid7madi-VirtualBox:42027/], count 0
[rosout][INFO] 2023-06-19 19:22:57,335: Calling service /gazebo/spawn_urdf_model
[rosout][INFO] 2023-06-19 19:22:57,668: Spawn status: SpawnModel: Successfully spawned entity
[rospy.core][INFO] 2023-06-19 19:22:57,675: signal_shutdown [atexit]
[rospy.internal][INFO] 2023-06-19 19:22:57,679: topic[/rosout] removing connection to /rosout
[rospy.internal][INFO] 2023-06-19 19:22:57,681: topic[/clock] removing connection to http://humaid7madi-VirtualBox:42027/
[rospy.internal][INFO] 2023-06-19 19:22:57,681: topic[/clock] removing connection to http://humaid7madi-VirtualBox:42027/
[rospy.impl.masterslave][INFO] 2023-06-19 19:22:57,681: atexit
