[rospy.client][INFO] 2023-06-19 06:58:53,748: init_node, name[/urdf_spawner], pid[81062]
[xmlrpc][INFO] 2023-06-19 06:58:53,749: XML-RPC server binding to 0.0.0.0:0
[xmlrpc][INFO] 2023-06-19 06:58:53,751: Started XML-RPC server [http://humaid7madi-VirtualBox:32923/]
[rospy.impl.masterslave][INFO] 2023-06-19 06:58:53,751: _ready: http://humaid7madi-VirtualBox:32923/
[rospy.registration][INFO] 2023-06-19 06:58:53,752: Registering with master node http://localhost:11311
[xmlrpc][INFO] 2023-06-19 06:58:53,752: xml rpc node: starting XML-RPC server
[rospy.init][INFO] 2023-06-19 06:58:53,752: ROS Slave URI: [http://humaid7madi-VirtualBox:32923/]
[rospy.init][INFO] 2023-06-19 06:58:53,752: registered with master
[rospy.rosout][INFO] 2023-06-19 06:58:53,752: initializing /rosout core topic
[rospy.rosout][INFO] 2023-06-19 06:58:53,762: connected to core topic /rosout
[rospy.simtime][INFO] 2023-06-19 06:58:53,763: initializing /clock core topic
[rospy.simtime][INFO] 2023-06-19 06:58:53,766: connected to core topic /clock
[rosout][INFO] 2023-06-19 06:58:53,770: Loading model XML from ros parameter robot_description
[rosout][INFO] 2023-06-19 06:58:53,782: Waiting for service /gazebo/spawn_urdf_model
[rospy.internal][INFO] 2023-06-19 06:58:54,087: topic[/rosout] adding connection to [/rosout], count 0
[rospy.internal][INFO] 2023-06-19 06:58:55,863: topic[/clock] adding connection to [http://humaid7madi-VirtualBox:35665/], count 0
[rosout][INFO] 2023-06-19 06:58:56,023: Calling service /gazebo/spawn_urdf_model
[rosout][INFO] 2023-06-19 06:58:56,195: Spawn status: SpawnModel: Entity pushed to spawn queue, but spawn service timed out waiting for entity to appear in simulation under the name simple_arm
[rosout][ERROR] 2023-06-19 06:58:56,197: Spawn service failed. Exiting.
[rospy.core][INFO] 2023-06-19 06:58:56,199: signal_shutdown [atexit]
[rospy.internal][INFO] 2023-06-19 06:58:56,204: topic[/rosout] removing connection to /rosout
[rospy.internal][INFO] 2023-06-19 06:58:56,204: topic[/clock] removing connection to http://humaid7madi-VirtualBox:35665/
[rospy.impl.masterslave][INFO] 2023-06-19 06:58:56,204: atexit
